Build started 19/4/2019 13:33:41 .
     1>Project "C:\Users\honza\Documents\Visual Studio 2013\Projects\Toto\Toto-core\Toto-core.vcxproj" on node 2 (Build target(s)).
     1>ClCompile:
         E:\VisualStudio2013\VC\bin\CL.exe /c /Zi /nologo /W3 /WX- /sdl- /O2 /Ob2 /Oi /Ot /Oy- /GL /D GLEW_STATIC /D FT2_BUILD_LIBRARY /D WIN32 /D _LIB /D _CRT_SECURE_NO_DEPRECATE /D _CRT_SECURE_NO_WARNINGS /Gm- /EHsc /MD /GS /Gy /arch:SSE2 /fp:fast /Zc:wchar_t /Zc:forScope /Fo"C:\Users\honza\Documents\Visual Studio 2013\Projects\Toto\bin\Release\Intermediates\\" /Fd"C:\Users\honza\Documents\Visual Studio 2013\Projects\Toto\bin\Release\Intermediates\vc120.pdb" /Gd /TP /analyze- /errorReport:prompt main.cpp
         main.cpp
     1>c:\users\honza\documents\visual studio 2013\projects\toto\toto-core\src\maths\maths_func.h(14): warning C4244: 'initializing' : conversion from 'const float' to 'int', possible loss of data
     1>c:\users\honza\documents\visual studio 2013\projects\toto\toto-core\src\maths\maths_func.h(15): warning C4244: 'initializing' : conversion from 'const float' to 'int', possible loss of data
     1>c:\users\honza\documents\visual studio 2013\projects\toto\toto-core\src\maths\maths_func.h(16): warning C4244: 'initializing' : conversion from 'const float' to 'int', possible loss of data
     1>c:\users\honza\documents\visual studio 2013\projects\toto\toto-core\src\maths\maths_func.h(17): warning C4244: 'initializing' : conversion from 'const float' to 'int', possible loss of data
     1>c:\users\honza\documents\visual studio 2013\projects\toto\toto-core\src\graphics\renderable2d.h(41): warning C4244: 'initializing' : conversion from 'const float' to 'int', possible loss of data
     1>c:\users\honza\documents\visual studio 2013\projects\toto\toto-core\src\graphics\renderable2d.h(42): warning C4244: 'initializing' : conversion from 'const float' to 'int', possible loss of data
     1>c:\users\honza\documents\visual studio 2013\projects\toto\toto-core\src\graphics\renderable2d.h(43): warning C4244: 'initializing' : conversion from 'const float' to 'int', possible loss of data
     1>c:\users\honza\documents\visual studio 2013\projects\toto\toto-core\src\graphics\renderable2d.h(44): warning C4244: 'initializing' : conversion from 'const float' to 'int', possible loss of data
     1>c:\users\honza\documents\visual studio 2013\projects\toto\toto-core\src/graphics/layers/tilelayer.h(3): warning C4067: unexpected tokens following preprocessor directive - expected a newline
     1>c:\users\honza\documents\visual studio 2013\projects\toto\toto-core\src\graphics\layers\layer.h(3): warning C4067: unexpected tokens following preprocessor directive - expected a newline
     1>c:\users\honza\documents\visual studio 2013\projects\toto\toto-core\src\graphics\layers\layer.h(4): warning C4067: unexpected tokens following preprocessor directive - expected a newline
     1>main.cpp(62): warning C4244: 'argument' : conversion from 'time_t' to 'unsigned int', possible loss of data
     1>main.cpp(72): warning C4244: 'initializing' : conversion from 'float' to 'int', possible loss of data
     1>main.cpp(73): warning C4244: 'initializing' : conversion from 'float' to 'int', possible loss of data
     1>main.cpp(74): warning C4244: 'argument' : conversion from 'int' to 'float', possible loss of data
     1>main.cpp(136): warning C4244: 'argument' : conversion from 'double' to 'const float', possible loss of data
     1>main.cpp(121): warning C4101: 'timeset' : unreferenced local variable
       Link:
         E:\VisualStudio2013\VC\bin\link.exe /ERRORREPORT:PROMPT /OUT:"C:\Users\honza\Documents\Visual Studio 2013\Projects\Toto\bin\Release\Toto-core.exe" /NOLOGO glew32s.lib glfw3.lib opengl32.lib FreeImage.lib kernel32.lib user32.lib gdi32.lib winspool.lib comdlg32.lib advapi32.lib shell32.lib ole32.lib oleaut32.lib uuid.lib odbc32.lib odbccp32.lib /MANIFEST /MANIFESTUAC:"level='asInvoker' uiAccess='false'" /manifest:embed /DEBUG /PDB:"C:\Users\honza\Documents\Visual Studio 2013\Projects\Toto\bin\Release\Toto-core.pdb" /OPT:REF /OPT:ICF /LTCG /TLBID:1 /DYNAMICBASE /NXCOMPAT /IMPLIB:"C:\Users\honza\Documents\Visual Studio 2013\Projects\Toto\bin\Release\Toto-core.lib" /MACHINE:X86 /SAFESEH "C:\Users\honza\Documents\Visual Studio 2013\Projects\Toto\bin\Release\Intermediates\platform.obj"
         "C:\Users\honza\Documents\Visual Studio 2013\Projects\Toto\bin\Release\Intermediates\texture-atlas.obj"
         "C:\Users\honza\Documents\Visual Studio 2013\Projects\Toto\bin\Release\Intermediates\texture-font.obj"
         "C:\Users\honza\Documents\Visual Studio 2013\Projects\Toto\bin\Release\Intermediates\vector.obj"
         "C:\Users\honza\Documents\Visual Studio 2013\Projects\Toto\bin\Release\Intermediates\autofit.obj"
         "C:\Users\honza\Documents\Visual Studio 2013\Projects\Toto\bin\Release\Intermediates\ftbase.obj"
         "C:\Users\honza\Documents\Visual Studio 2013\Projects\Toto\bin\Release\Intermediates\ftbbox.obj"
         "C:\Users\honza\Documents\Visual Studio 2013\Projects\Toto\bin\Release\Intermediates\ftbitmap.obj"
         "C:\Users\honza\Documents\Visual Studio 2013\Projects\Toto\bin\Release\Intermediates\ftdebug.obj"
         "C:\Users\honza\Documents\Visual Studio 2013\Projects\Toto\bin\Release\Intermediates\ftfstype.obj"
         "C:\Users\honza\Documents\Visual Studio 2013\Projects\Toto\bin\Release\Intermediates\ftgasp.obj"
         "C:\Users\honza\Documents\Visual Studio 2013\Projects\Toto\bin\Release\Intermediates\ftglyph.obj"
         "C:\Users\honza\Documents\Visual Studio 2013\Projects\Toto\bin\Release\Intermediates\ftgxval.obj"
         "C:\Users\honza\Documents\Visual Studio 2013\Projects\Toto\bin\Release\Intermediates\ftinit.obj"
         "C:\Users\honza\Documents\Visual Studio 2013\Projects\Toto\bin\Release\Intermediates\ftlcdfil.obj"
         "C:\Users\honza\Documents\Visual Studio 2013\Projects\Toto\bin\Release\Intermediates\ftmm.obj"
         "C:\Users\honza\Documents\Visual Studio 2013\Projects\Toto\bin\Release\Intermediates\ftotval.obj"
         "C:\Users\honza\Documents\Visual Studio 2013\Projects\Toto\bin\Release\Intermediates\ftpatent.obj"
         "C:\Users\honza\Documents\Visual Studio 2013\Projects\Toto\bin\Release\Intermediates\ftpfr.obj"
         "C:\Users\honza\Documents\Visual Studio 2013\Projects\Toto\bin\Release\Intermediates\ftstroke.obj"
         "C:\Users\honza\Documents\Visual Studio 2013\Projects\Toto\bin\Release\Intermediates\ftsynth.obj"
         "C:\Users\honza\Documents\Visual Studio 2013\Projects\Toto\bin\Release\Intermediates\ftsystem.obj"
         "C:\Users\honza\Documents\Visual Studio 2013\Projects\Toto\bin\Release\Intermediates\fttype1.obj"
         "C:\Users\honza\Documents\Visual Studio 2013\Projects\Toto\bin\Release\Intermediates\ftwinfnt.obj"
         "C:\Users\honza\Documents\Visual Studio 2013\Projects\Toto\bin\Release\Intermediates\ftxf86.obj"
         "C:\Users\honza\Documents\Visual Studio 2013\Projects\Toto\bin\Release\Intermediates\bdf.obj"
         "C:\Users\honza\Documents\Visual Studio 2013\Projects\Toto\bin\Release\Intermediates\ftcache.obj"
         "C:\Users\honza\Documents\Visual Studio 2013\Projects\Toto\bin\Release\Intermediates\cff.obj"
         "C:\Users\honza\Documents\Visual Studio 2013\Projects\Toto\bin\Release\Intermediates\type1cid.obj"
         "C:\Users\honza\Documents\Visual Studio 2013\Projects\Toto\bin\Release\Intermediates\ftgzip.obj"
         "C:\Users\honza\Documents\Visual Studio 2013\Projects\Toto\bin\Release\Intermediates\ftlzw.obj"
         "C:\Users\honza\Documents\Visual Studio 2013\Projects\Toto\bin\Release\Intermediates\pcf.obj"
         "C:\Users\honza\Documents\Visual Studio 2013\Projects\Toto\bin\Release\Intermediates\pfr.obj"
         "C:\Users\honza\Documents\Visual Studio 2013\Projects\Toto\bin\Release\Intermediates\psaux.obj"
         "C:\Users\honza\Documents\Visual Studio 2013\Projects\Toto\bin\Release\Intermediates\pshinter.obj"
         "C:\Users\honza\Documents\Visual Studio 2013\Projects\Toto\bin\Release\Intermediates\psmodule.obj"
         "C:\Users\honza\Documents\Visual Studio 2013\Projects\Toto\bin\Release\Intermediates\raster.obj"
         "C:\Users\honza\Documents\Visual Studio 2013\Projects\Toto\bin\Release\Intermediates\sfnt.obj"
         "C:\Users\honza\Documents\Visual Studio 2013\Projects\Toto\bin\Release\Intermediates\smooth.obj"
         "C:\Users\honza\Documents\Visual Studio 2013\Projects\Toto\bin\Release\Intermediates\truetype.obj"
         "C:\Users\honza\Documents\Visual Studio 2013\Projects\Toto\bin\Release\Intermediates\type1.obj"
         "C:\Users\honza\Documents\Visual Studio 2013\Projects\Toto\bin\Release\Intermediates\type42.obj"
         "C:\Users\honza\Documents\Visual Studio 2013\Projects\Toto\bin\Release\Intermediates\winfnt.obj"
         "C:\Users\honza\Documents\Visual Studio 2013\Projects\Toto\bin\Release\Intermediates\main.obj"
         "C:\Users\honza\Documents\Visual Studio 2013\Projects\Toto\bin\Release\Intermediates\batchrenderer2d.obj"
         "C:\Users\honza\Documents\Visual Studio 2013\Projects\Toto\bin\Release\Intermediates\buffer.obj"
         "C:\Users\honza\Documents\Visual Studio 2013\Projects\Toto\bin\Release\Intermediates\indexbuffer.obj"
         "C:\Users\honza\Documents\Visual Studio 2013\Projects\Toto\bin\Release\Intermediates\vertexarray.obj"
         "C:\Users\honza\Documents\Visual Studio 2013\Projects\Toto\bin\Release\Intermediates\font.obj"
         "C:\Users\honza\Documents\Visual Studio 2013\Projects\Toto\bin\Release\Intermediates\font_manager.obj"
         "C:\Users\honza\Documents\Visual Studio 2013\Projects\Toto\bin\Release\Intermediates\label.obj"
         "C:\Users\honza\Documents\Visual Studio 2013\Projects\Toto\bin\Release\Intermediates\group.obj"
         "C:\Users\honza\Documents\Visual Studio 2013\Projects\Toto\bin\Release\Intermediates\layer.obj"
         "C:\Users\honza\Documents\Visual Studio 2013\Projects\Toto\bin\Release\Intermediates\tilelayer.obj"
         "C:\Users\honza\Documents\Visual Studio 2013\Projects\Toto\bin\Release\Intermediates\simple2drenderer.obj"
         "C:\Users\honza\Documents\Visual Studio 2013\Projects\Toto\bin\Release\Intermediates\shader.obj"
         "C:\Users\honza\Documents\Visual Studio 2013\Projects\Toto\bin\Release\Intermediates\sprite.obj"
         "C:\Users\honza\Documents\Visual Studio 2013\Projects\Toto\bin\Release\Intermediates\static_sprite.obj"
         "C:\Users\honza\Documents\Visual Studio 2013\Projects\Toto\bin\Release\Intermediates\texture.obj"
         "C:\Users\honza\Documents\Visual Studio 2013\Projects\Toto\bin\Release\Intermediates\window.obj"
         "C:\Users\honza\Documents\Visual Studio 2013\Projects\Toto\bin\Release\Intermediates\mat4.obj"
         "C:\Users\honza\Documents\Visual Studio 2013\Projects\Toto\bin\Release\Intermediates\vec2.obj"
         "C:\Users\honza\Documents\Visual Studio 2013\Projects\Toto\bin\Release\Intermediates\vec3.obj"
         "C:\Users\honza\Documents\Visual Studio 2013\Projects\Toto\bin\Release\Intermediates\vec4.obj"
            Creating library C:\Users\honza\Documents\Visual Studio 2013\Projects\Toto\bin\Release\Toto-core.lib and object C:\Users\honza\Documents\Visual Studio 2013\Projects\Toto\bin\Release\Toto-core.exp
     1>LINK : warning LNK4098: defaultlib 'LIBCMT' conflicts with use of other libs; use /NODEFAULTLIB:library
         Generating code
         Finished generating code
     1>glew32s.lib(glew.obj) : warning LNK4099: PDB 'vc120.pdb' was not found with 'glew32s.lib(glew.obj)' or at 'C:\Users\honza\Documents\Visual Studio 2013\Projects\Toto\bin\Release\vc120.pdb'; linking object as if no debug info
         Toto-core.vcxproj -> C:\Users\honza\Documents\Visual Studio 2013\Projects\Toto\bin\Release\Toto-core.exe
     1>Done Building Project "C:\Users\honza\Documents\Visual Studio 2013\Projects\Toto\Toto-core\Toto-core.vcxproj" (Build target(s)).

Build succeeded.

Time Elapsed 00:00:04.44
