c:\users\honza\documents\visual studio 2013\projects\toto\bin\release\intermediates\vc120.pdb
c:\users\honza\documents\visual studio 2013\projects\toto\bin\release\intermediates\ftotval.obj
c:\users\honza\documents\visual studio 2013\projects\toto\bin\release\intermediates\ftmm.obj
c:\users\honza\documents\visual studio 2013\projects\toto\bin\release\intermediates\ftlcdfil.obj
c:\users\honza\documents\visual studio 2013\projects\toto\bin\release\intermediates\ftgasp.obj
c:\users\honza\documents\visual studio 2013\projects\toto\bin\release\intermediates\ftfstype.obj
c:\users\honza\documents\visual studio 2013\projects\toto\bin\release\intermediates\ftdebug.obj
c:\users\honza\documents\visual studio 2013\projects\toto\bin\release\intermediates\ftbitmap.obj
c:\users\honza\documents\visual studio 2013\projects\toto\bin\release\intermediates\ftbbox.obj
c:\users\honza\documents\visual studio 2013\projects\toto\bin\release\intermediates\vector.obj
c:\users\honza\documents\visual studio 2013\projects\toto\bin\release\intermediates\utf8-utils.obj
c:\users\honza\documents\visual studio 2013\projects\toto\bin\release\intermediates\texture-font.obj
c:\users\honza\documents\visual studio 2013\projects\toto\bin\release\intermediates\texture-atlas.obj
c:\users\honza\documents\visual studio 2013\projects\toto\bin\release\intermediates\platform.obj
c:\users\honza\documents\visual studio 2013\projects\toto\bin\release\intermediates\edtaa3func.obj
c:\users\honza\documents\visual studio 2013\projects\toto\bin\release\intermediates\distance-field.obj
c:\users\honza\documents\visual studio 2013\projects\toto\bin\release\intermediates\ftxf86.obj
c:\users\honza\documents\visual studio 2013\projects\toto\bin\release\intermediates\ftwinfnt.obj
c:\users\honza\documents\visual studio 2013\projects\toto\bin\release\intermediates\fttype1.obj
c:\users\honza\documents\visual studio 2013\projects\toto\bin\release\intermediates\ftsystem.obj
c:\users\honza\documents\visual studio 2013\projects\toto\bin\release\intermediates\ftsynth.obj
c:\users\honza\documents\visual studio 2013\projects\toto\bin\release\intermediates\ftpfr.obj
c:\users\honza\documents\visual studio 2013\projects\toto\bin\release\intermediates\ftpatent.obj
c:\users\honza\documents\visual studio 2013\projects\toto\bin\release\intermediates\toto-core.tlog\cl.command.1.tlog
c:\users\honza\documents\visual studio 2013\projects\toto\bin\release\intermediates\toto-core.tlog\cl.read.1.tlog
c:\users\honza\documents\visual studio 2013\projects\toto\bin\release\intermediates\toto-core.tlog\cl.write.1.tlog
