c:\users\honza\documents\visual studio 2013\projects\toto\bin\debug\intermediates\vc120.pdb
c:\users\honza\documents\visual studio 2013\projects\toto\bin\debug\intermediates\vc120.idb
c:\users\honza\documents\visual studio 2013\projects\toto\bin\debug\intermediates\ftwinfnt.obj
c:\users\honza\documents\visual studio 2013\projects\toto\bin\debug\intermediates\ftxf86.obj
c:\users\honza\documents\visual studio 2013\projects\toto\bin\debug\intermediates\bdf.obj
c:\users\honza\documents\visual studio 2013\projects\toto\bin\debug\intermediates\ftcache.obj
c:\users\honza\documents\visual studio 2013\projects\toto\bin\debug\intermediates\cff.obj
c:\users\honza\documents\visual studio 2013\projects\toto\bin\debug\intermediates\type1cid.obj
c:\users\honza\documents\visual studio 2013\projects\toto\bin\debug\intermediates\ftgzip.obj
c:\users\honza\documents\visual studio 2013\projects\toto\bin\debug\intermediates\ftlzw.obj
c:\users\honza\documents\visual studio 2013\projects\toto\bin\debug\intermediates\pcf.obj
c:\users\honza\documents\visual studio 2013\projects\toto\bin\debug\intermediates\pfr.obj
c:\users\honza\documents\visual studio 2013\projects\toto\bin\debug\intermediates\psaux.obj
c:\users\honza\documents\visual studio 2013\projects\toto\bin\debug\intermediates\pshinter.obj
c:\users\honza\documents\visual studio 2013\projects\toto\bin\debug\intermediates\psmodule.obj
c:\users\honza\documents\visual studio 2013\projects\toto\bin\debug\intermediates\raster.obj
c:\users\honza\documents\visual studio 2013\projects\toto\bin\debug\intermediates\sfnt.obj
c:\users\honza\documents\visual studio 2013\projects\toto\bin\debug\intermediates\smooth.obj
c:\users\honza\documents\visual studio 2013\projects\toto\bin\debug\intermediates\truetype.obj
c:\users\honza\documents\visual studio 2013\projects\toto\bin\debug\intermediates\type1.obj
c:\users\honza\documents\visual studio 2013\projects\toto\bin\debug\intermediates\type42.obj
c:\users\honza\documents\visual studio 2013\projects\toto\bin\debug\intermediates\winfnt.obj
c:\users\honza\documents\visual studio 2013\projects\toto\bin\debug\intermediates\vector.obj
c:\users\honza\documents\visual studio 2013\projects\toto\bin\debug\intermediates\autofit.obj
c:\users\honza\documents\visual studio 2013\projects\toto\bin\debug\intermediates\ftbase.obj
c:\users\honza\documents\visual studio 2013\projects\toto\bin\debug\intermediates\ftbbox.obj
c:\users\honza\documents\visual studio 2013\projects\toto\bin\debug\intermediates\ftbitmap.obj
c:\users\honza\documents\visual studio 2013\projects\toto\bin\debug\intermediates\ftdebug.obj
c:\users\honza\documents\visual studio 2013\projects\toto\bin\debug\intermediates\ftfstype.obj
c:\users\honza\documents\visual studio 2013\projects\toto\bin\debug\intermediates\ftgasp.obj
c:\users\honza\documents\visual studio 2013\projects\toto\bin\debug\intermediates\ftglyph.obj
c:\users\honza\documents\visual studio 2013\projects\toto\bin\debug\intermediates\ftgxval.obj
c:\users\honza\documents\visual studio 2013\projects\toto\bin\debug\intermediates\ftinit.obj
c:\users\honza\documents\visual studio 2013\projects\toto\bin\debug\intermediates\ftlcdfil.obj
c:\users\honza\documents\visual studio 2013\projects\toto\bin\debug\intermediates\ftmm.obj
c:\users\honza\documents\visual studio 2013\projects\toto\bin\debug\intermediates\ftotval.obj
c:\users\honza\documents\visual studio 2013\projects\toto\bin\debug\intermediates\ftpatent.obj
c:\users\honza\documents\visual studio 2013\projects\toto\bin\debug\intermediates\ftpfr.obj
c:\users\honza\documents\visual studio 2013\projects\toto\bin\debug\intermediates\ftstroke.obj
c:\users\honza\documents\visual studio 2013\projects\toto\bin\debug\intermediates\ftsynth.obj
c:\users\honza\documents\visual studio 2013\projects\toto\bin\debug\intermediates\ftsystem.obj
c:\users\honza\documents\visual studio 2013\projects\toto\bin\debug\intermediates\fttype1.obj
c:\users\honza\documents\visual studio 2013\projects\toto\bin\debug\intermediates\distance-field.obj
c:\users\honza\documents\visual studio 2013\projects\toto\bin\debug\intermediates\edtaa3func.obj
c:\users\honza\documents\visual studio 2013\projects\toto\bin\debug\intermediates\platform.obj
c:\users\honza\documents\visual studio 2013\projects\toto\bin\debug\intermediates\texture-atlas.obj
c:\users\honza\documents\visual studio 2013\projects\toto\bin\debug\intermediates\utf8-utils.obj
c:\users\honza\documents\visual studio 2013\projects\toto\bin\debug\intermediates\toto-core.tlog\cl.command.1.tlog
c:\users\honza\documents\visual studio 2013\projects\toto\bin\debug\intermediates\toto-core.tlog\cl.read.1.tlog
c:\users\honza\documents\visual studio 2013\projects\toto\bin\debug\intermediates\toto-core.tlog\cl.write.1.tlog
